# JRE version: Java(TM) SE Runtime Environment (8.0_191-b12) (build 1.8.0_191-b12)
# Java VM: Java HotSpot(TM) 64-Bit Server VM (25.191-b12 mixed mode windows-amd64 compressed oops)
Heap:
 PSYoungGen      total 320000K, used 270502K [0x00000000eab00000, 0x0000000100000000, 0x0000000100000000)
  eden space 294912K, 85% used [0x00000000eab00000,0x00000000fa1ffa80,0x00000000fcb00000)
  from space 25088K, 70% used [0x00000000fe580000,0x00000000ff6a9fa0,0x00000000ffe00000)
  to   space 27136K, 0% used [0x00000000fcb00000,0x00000000fcb00000,0x00000000fe580000)
 ParOldGen       total 146432K, used 94562K [0x00000000c0000000, 0x00000000c8f00000, 0x00000000eab00000)
  object space 146432K, 64% used [0x00000000c0000000,0x00000000c5c58bd8,0x00000000c8f00000)
 Metaspace       used 88667K, capacity 92914K, committed 93208K, reserved 1130496K
  class space    used 11344K, capacity 12242K, committed 12336K, reserved 1048576K
GC Heap History (10 events):
Event: 156.084 GC heap before
{Heap before GC invocations=45 (full 4):
 PSYoungGen      total 299008K, used 286194K [0x00000000eab00000, 0x00000000fdf00000, 0x0000000100000000)
  eden space 285696K, 99% used [0x00000000eab00000,0x00000000fc1c6b98,0x00000000fc200000)
  from space 13312K, 5% used [0x00000000fd200000,0x00000000fd2b5f48,0x00000000fdf00000)
  to   space 14848K, 0% used [0x00000000fc200000,0x00000000fc200000,0x00000000fd080000)
 ParOldGen       total 113152K, used 94005K [0x00000000c0000000, 0x00000000c6e80000, 0x00000000eab00000)
  object space 113152K, 83% used [0x00000000c0000000,0x00000000c5bcd5f8,0x00000000c6e80000)
 Metaspace       used 80913K, capacity 83946K, committed 84120K, reserved 1122304K
  class space    used 10707K, capacity 11382K, committed 11440K, reserved 1048576K
Event: 156.110 GC heap after
Heap after GC invocations=45 (full 4):
 PSYoungGen      total 300544K, used 14834K [0x00000000eab00000, 0x0000000100000000, 0x0000000100000000)
  eden space 285696K, 0% used [0x00000000eab00000,0x00000000eab00000,0x00000000fc200000)
  from space 14848K, 99% used [0x00000000fc200000,0x00000000fd07caf0,0x00000000fd080000)
  to   space 26112K, 0% used [0x00000000fe680000,0x00000000fe680000,0x0000000100000000)
 ParOldGen       total 118784K, used 118638K [0x00000000c0000000, 0x00000000c7400000, 0x00000000eab00000)
  object space 118784K, 99% used [0x00000000c0000000,0x00000000c73dba98,0x00000000c7400000)
 Metaspace       used 80913K, capacity 83946K, committed 84120K, reserved 1122304K
  class space    used 10707K, capacity 11382K, committed 11440K, reserved 1048576K
}
Event: 156.110 GC heap before
{Heap before GC invocations=46 (full 5):
 PSYoungGen      total 300544K, used 14834K [0x00000000eab00000, 0x0000000100000000, 0x0000000100000000)
  eden space 285696K, 0% used [0x00000000eab00000,0x00000000eab00000,0x00000000fc200000)
  from space 14848K, 99% used [0x00000000fc200000,0x00000000fd07caf0,0x00000000fd080000)
  to   space 26112K, 0% used [0x00000000fe680000,0x00000000fe680000,0x0000000100000000)
 ParOldGen       total 118784K, used 118638K [0x00000000c0000000, 0x00000000c7400000, 0x00000000eab00000)
  object space 118784K, 99% used [0x00000000c0000000,0x00000000c73dba98,0x00000000c7400000)
 Metaspace       used 80913K, capacity 83946K, committed 84120K, reserved 1122304K
  class space    used 10707K, capacity 11382K, committed 11440K, reserved 1048576K
Event: 156.272 GC heap after
Heap after GC invocations=46 (full 5):
 PSYoungGen      total 300544K, used 0K [0x00000000eab00000, 0x0000000100000000, 0x0000000100000000)
  eden space 285696K, 0% used [0x00000000eab00000,0x00000000eab00000,0x00000000fc200000)
  from space 14848K, 0% used [0x00000000fc200000,0x00000000fc200000,0x00000000fd080000)
  to   space 26112K, 0% used [0x00000000fe680000,0x00000000fe680000,0x0000000100000000)
 ParOldGen       total 146432K, used 93815K [0x00000000c0000000, 0x00000000c8f00000, 0x00000000eab00000)
  object space 146432K, 64% used [0x00000000c0000000,0x00000000c5b9dfa0,0x00000000c8f00000)
 Metaspace       used 80830K, capacity 83758K, committed 84120K, reserved 1122304K
  class space    used 10676K, capacity 11330K, committed 11440K, reserved 1048576K
}
Event: 156.325 GC heap before
{Heap before GC invocations=47 (full 5):
 PSYoungGen      total 300544K, used 285694K [0x00000000eab00000, 0x0000000100000000, 0x0000000100000000)
  eden space 285696K, 99% used [0x00000000eab00000,0x00000000fc1ff868,0x00000000fc200000)
  from space 14848K, 0% used [0x00000000fc200000,0x00000000fc200000,0x00000000fd080000)
  to   space 26112K, 0% used [0x00000000fe680000,0x00000000fe680000,0x0000000100000000)
 ParOldGen       total 146432K, used 93815K [0x00000000c0000000, 0x00000000c8f00000, 0x00000000eab00000)
  object space 146432K, 64% used [0x00000000c0000000,0x00000000c5b9dfa0,0x00000000c8f00000)
 Metaspace       used 80830K, capacity 83758K, committed 84120K, reserved 1122304K
  class space    used 10676K, capacity 11330K, committed 11440K, reserved 1048576K
Event: 156.327 GC heap after
Heap after GC invocations=47 (full 5):
 PSYoungGen      total 323072K, used 96K [0x00000000eab00000, 0x0000000100000000, 0x0000000100000000)
  eden space 296960K, 0% used [0x00000000eab00000,0x00000000eab00000,0x00000000fcd00000)
  from space 26112K, 0% used [0x00000000fe680000,0x00000000fe698000,0x0000000100000000)
  to   space 26112K, 0% used [0x00000000fcd00000,0x00000000fcd00000,0x00000000fe680000)
 ParOldGen       total 146432K, used 93815K [0x00000000c0000000, 0x00000000c8f00000, 0x00000000eab00000)
  object space 146432K, 64% used [0x00000000c0000000,0x00000000c5b9dfa0,0x00000000c8f00000)
 Metaspace       used 80830K, capacity 83758K, committed 84120K, reserved 1122304K
  class space    used 10676K, capacity 11330K, committed 11440K, reserved 1048576K
}
Event: 2647.105 GC heap before
{Heap before GC invocations=48 (full 5):
 PSYoungGen      total 323072K, used 297056K [0x00000000eab00000, 0x0000000100000000, 0x0000000100000000)
  eden space 296960K, 100% used [0x00000000eab00000,0x00000000fcd00000,0x00000000fcd00000)
  from space 26112K, 0% used [0x00000000fe680000,0x00000000fe698000,0x0000000100000000)
  to   space 26112K, 0% used [0x00000000fcd00000,0x00000000fcd00000,0x00000000fe680000)
 ParOldGen       total 146432K, used 93815K [0x00000000c0000000, 0x00000000c8f00000, 0x00000000eab00000)
  object space 146432K, 64% used [0x00000000c0000000,0x00000000c5b9dfa0,0x00000000c8f00000)
 Metaspace       used 84911K, capacity 88298K, committed 88600K, reserved 1126400K
  class space    used 10983K, capacity 11704K, committed 11824K, reserved 1048576K
Event: 2647.194 GC heap after
Heap after GC invocations=48 (full 5):
 PSYoungGen      total 301568K, used 4305K [0x00000000eab00000, 0x00000000ffe00000, 0x0000000100000000)
  eden space 296960K, 0% used [0x00000000eab00000,0x00000000eab00000,0x00000000fcd00000)
  from space 4608K, 93% used [0x00000000fcd00000,0x00000000fd1347c8,0x00000000fd180000)
  to   space 25088K, 0% used [0x00000000fe580000,0x00000000fe580000,0x00000000ffe00000)
 ParOldGen       total 146432K, used 93847K [0x00000000c0000000, 0x00000000c8f00000, 0x00000000eab00000)
  object space 146432K, 64% used [0x00000000c0000000,0x00000000c5ba5fa0,0x00000000c8f00000)
 Metaspace       used 84911K, capacity 88298K, committed 88600K, reserved 1126400K
  class space    used 10983K, capacity 11704K, committed 11824K, reserved 1048576K
}
Event: 9334.845 GC heap before
{Heap before GC invocations=49 (full 5):
 PSYoungGen      total 301568K, used 301265K [0x00000000eab00000, 0x00000000ffe00000, 0x0000000100000000)
  eden space 296960K, 100% used [0x00000000eab00000,0x00000000fcd00000,0x00000000fcd00000)
  from space 4608K, 93% used [0x00000000fcd00000,0x00000000fd1347c8,0x00000000fd180000)
  to   space 25088K, 0% used [0x00000000fe580000,0x00000000fe580000,0x00000000ffe00000)
 ParOldGen       total 146432K, used 93847K [0x00000000c0000000, 0x00000000c8f00000, 0x00000000eab00000)
  object space 146432K, 64% used [0x00000000c0000000,0x00000000c5ba5fa0,0x00000000c8f00000)
 Metaspace       used 87558K, capacity 91758K, committed 92056K, reserved 1128448K
  class space    used 11246K, capacity 12116K, committed 12208K, reserved 1048576K
Event: 9336.038 GC heap after
Heap after GC invocations=49 (full 5):
 PSYoungGen      total 320000K, used 17575K [0x00000000eab00000, 0x0000000100000000, 0x0000000100000000)
  eden space 294912K, 0% used [0x00000000eab00000,0x00000000eab00000,0x00000000fcb00000)
  from space 25088K, 70% used [0x00000000fe580000,0x00000000ff6a9fa0,0x00000000ffe00000)
  to   space 27136K, 0% used [0x00000000fcb00000,0x00000000fcb00000,0x00000000fe580000)
 ParOldGen       total 146432K, used 94562K [0x00000000c0000000, 0x00000000c8f00000, 0x00000000eab00000)
  object space 146432K, 64% used [0x00000000c0000000,0x00000000c5c58bd8,0x00000000c8f00000)
 Metaspace       used 87558K, capacity 91758K, committed 92056K, reserved 1128448K
  class space    used 11246K, capacity 12116K, committed 12208K, reserved 1048576K
}

